<?xml version="1.0" encoding="UTF-8"?>
<testng-results skipped="0" failed="0" total="1" passed="1">
  <reporter-output>
  </reporter-output>
  <suite name="Suite" duration-ms="14" started-at="2016-12-22T01:36:42Z" finished-at="2016-12-22T01:36:42Z">
    <groups>
    </groups>
    <test name="Test" duration-ms="14" started-at="2016-12-22T01:36:42Z" finished-at="2016-12-22T01:36:42Z">
      <class name="com.lls.jentestng.NewTest">
        <test-method status="PASS" signature="f()[pri:0, instance:com.lls.jentestng.NewTest@583e0ebb]" name="f" duration-ms="8" started-at="2016-12-22T09:36:42Z" finished-at="2016-12-22T09:36:42Z">
          <reporter-output>
          </reporter-output>
        </test-method> <!-- f -->
      </class> <!-- com.lls.jentestng.NewTest -->
    </test> <!-- Test -->
  </suite> <!-- Suite -->
</testng-results>
